This is pdfTeXk, Version 3.141592-1.40.3 (Web2C 7.5.6) (format=pdflatex 2009.2.17)  1 NOV 2011 23:48
entering extended mode
 %&-line parsing enabled.
**kronikk.tex
(./kronikk.tex
LaTeX2e <2005/12/01>
Babel <v3.8h> and hyphenation patterns for english, usenglishmax, dumylang, noh
yphenation, arabic, basque, bulgarian, coptic, welsh, czech, slovak, german, ng
erman, danish, esperanto, spanish, catalan, galician, estonian, farsi, finnish,
 french, greek, monogreek, ancientgreek, croatian, hungarian, interlingua, ibyc
us, indonesian, icelandic, italian, latin, mongolian, dutch, norsk, polish, por
tuguese, pinyin, romanian, russian, slovenian, uppersorbian, serbian, swedish, 
turkish, ukenglish, ukrainian, loaded.
(/local/opt/texlive/texmf-local/tex/latex/local/ifi/inf0105.cls
Document Class: inf0105 2011/02/11 v 1.00 Ifi/UiO document class
(/local/opt/texlive/2007/texmf-dist/tex/generic/babel/babel.sty
Package: babel 2005/11/23 v3.8h The Babel package

(/local/opt/texlive/2007/texmf-dist/tex/generic/babel/norsk.ldf
Language: norsk 2005/03/30 v2.0h Norsk support from the babel system

(/local/opt/texlive/2007/texmf-dist/tex/generic/babel/babel.def
File: babel.def 2005/11/23 v3.8h Babel common definitions
\babel@savecnt=\count79
\U@D=\dimen102
)
Package babel Info: Making " an active character on input line 113.
))
(/local/opt/texlive/2007/texmf-dist/tex/latex/fancyhdr/fancyhdr.sty
\fancy@headwidth=\skip41
\f@ncyO@elh=\skip42
\f@ncyO@erh=\skip43
\f@ncyO@olh=\skip44
\f@ncyO@orh=\skip45
\f@ncyO@elf=\skip46
\f@ncyO@erf=\skip47
\f@ncyO@olf=\skip48
\f@ncyO@orf=\skip49
)
(/local/opt/texlive/2007/texmf-dist/tex/latex/base/fontenc.sty
Package: fontenc 2005/09/27 v1.99g Standard LaTeX package

(/local/opt/texlive/2007/texmf-dist/tex/latex/base/t1enc.def
File: t1enc.def 2005/09/27 v1.99g Standard LaTeX file
LaTeX Font Info:    Redeclaring font encoding T1 on input line 43.
))
(/local/opt/texlive/2007/texmf-dist/tex/latex/graphics/graphicx.sty
Package: graphicx 1999/02/16 v1.0f Enhanced LaTeX Graphics (DPC,SPQR)

(/local/opt/texlive/2007/texmf-dist/tex/latex/graphics/keyval.sty
Package: keyval 1999/03/16 v1.13 key=value parser (DPC)
\KV@toks@=\toks14
)
(/local/opt/texlive/2007/texmf-dist/tex/latex/graphics/graphics.sty
Package: graphics 2006/02/20 v1.0o Standard LaTeX Graphics (DPC,SPQR)

(/local/opt/texlive/2007/texmf-dist/tex/latex/graphics/trig.sty
Package: trig 1999/03/16 v1.09 sin cos tan (DPC)
)
(/local/opt/texlive/2007/texmf/tex/latex/config/graphics.cfg
File: graphics.cfg 2007/01/18 v1.5 graphics configuration of teTeX/TeXLive
)
Package graphics Info: Driver file: pdftex.def on input line 90.

(/local/opt/texlive/2007/texmf-dist/tex/latex/pdftex-def/pdftex.def
File: pdftex.def 2007/01/08 v0.04d Graphics/color for pdfTeX
\Gread@gobject=\count80
))
\Gin@req@height=\dimen103
\Gin@req@width=\dimen104
)
(/local/opt/texlive/2007/texmf-dist/tex/latex/base/textcomp.sty
Package: textcomp 2005/09/27 v1.99g Standard LaTeX package
Package textcomp Info: Sub-encoding information:
(textcomp)               5 = only ISO-Adobe without \textcurrency
(textcomp)               4 = 5 + \texteuro
(textcomp)               3 = 4 + \textohm
(textcomp)               2 = 3 + \textestimated + \textcurrency
(textcomp)               1 = TS1 - \textcircled - \t
(textcomp)               0 = TS1 (full)
(textcomp)             Font families with sub-encoding setting implement
(textcomp)             only a restricted character set as indicated.
(textcomp)             Family '?' is the default used for unknown fonts.
(textcomp)             See the documentation for details.
Package textcomp Info: Setting ? sub-encoding to TS1/1 on input line 71.

(/local/opt/texlive/2007/texmf-dist/tex/latex/base/ts1enc.def
File: ts1enc.def 2001/06/05 v3.0e (jk/car/fm) Standard LaTeX file
)
LaTeX Info: Redefining \oldstylenums on input line 266.
Package textcomp Info: Setting cmr sub-encoding to TS1/0 on input line 281.
Package textcomp Info: Setting cmss sub-encoding to TS1/0 on input line 282.
Package textcomp Info: Setting cmtt sub-encoding to TS1/0 on input line 283.
Package textcomp Info: Setting cmvtt sub-encoding to TS1/0 on input line 284.
Package textcomp Info: Setting cmbr sub-encoding to TS1/0 on input line 285.
Package textcomp Info: Setting cmtl sub-encoding to TS1/0 on input line 286.
Package textcomp Info: Setting ccr sub-encoding to TS1/0 on input line 287.
Package textcomp Info: Setting ptm sub-encoding to TS1/4 on input line 288.
Package textcomp Info: Setting pcr sub-encoding to TS1/4 on input line 289.
Package textcomp Info: Setting phv sub-encoding to TS1/4 on input line 290.
Package textcomp Info: Setting ppl sub-encoding to TS1/3 on input line 291.
Package textcomp Info: Setting pag sub-encoding to TS1/4 on input line 292.
Package textcomp Info: Setting pbk sub-encoding to TS1/4 on input line 293.
Package textcomp Info: Setting pnc sub-encoding to TS1/4 on input line 294.
Package textcomp Info: Setting pzc sub-encoding to TS1/4 on input line 295.
Package textcomp Info: Setting bch sub-encoding to TS1/4 on input line 296.
Package textcomp Info: Setting put sub-encoding to TS1/5 on input line 297.
Package textcomp Info: Setting uag sub-encoding to TS1/5 on input line 298.
Package textcomp Info: Setting ugq sub-encoding to TS1/5 on input line 299.
Package textcomp Info: Setting ul8 sub-encoding to TS1/4 on input line 300.
Package textcomp Info: Setting ul9 sub-encoding to TS1/4 on input line 301.
Package textcomp Info: Setting augie sub-encoding to TS1/5 on input line 302.
Package textcomp Info: Setting dayrom sub-encoding to TS1/3 on input line 303.
Package textcomp Info: Setting dayroms sub-encoding to TS1/3 on input line 304.

Package textcomp Info: Setting pxr sub-encoding to TS1/0 on input line 305.
Package textcomp Info: Setting pxss sub-encoding to TS1/0 on input line 306.
Package textcomp Info: Setting pxtt sub-encoding to TS1/0 on input line 307.
Package textcomp Info: Setting txr sub-encoding to TS1/0 on input line 308.
Package textcomp Info: Setting txss sub-encoding to TS1/0 on input line 309.
Package textcomp Info: Setting txtt sub-encoding to TS1/0 on input line 310.
Package textcomp Info: Setting futs sub-encoding to TS1/4 on input line 311.
Package textcomp Info: Setting futx sub-encoding to TS1/4 on input line 312.
Package textcomp Info: Setting futj sub-encoding to TS1/4 on input line 313.
Package textcomp Info: Setting hlh sub-encoding to TS1/3 on input line 314.
Package textcomp Info: Setting hls sub-encoding to TS1/3 on input line 315.
Package textcomp Info: Setting hlst sub-encoding to TS1/3 on input line 316.
Package textcomp Info: Setting hlct sub-encoding to TS1/5 on input line 317.
Package textcomp Info: Setting hlx sub-encoding to TS1/5 on input line 318.
Package textcomp Info: Setting hlce sub-encoding to TS1/5 on input line 319.
Package textcomp Info: Setting hlcn sub-encoding to TS1/5 on input line 320.
Package textcomp Info: Setting hlcw sub-encoding to TS1/5 on input line 321.
Package textcomp Info: Setting hlcf sub-encoding to TS1/5 on input line 322.
Package textcomp Info: Setting pplx sub-encoding to TS1/3 on input line 323.
Package textcomp Info: Setting pplj sub-encoding to TS1/3 on input line 324.
Package textcomp Info: Setting ptmx sub-encoding to TS1/4 on input line 325.
Package textcomp Info: Setting ptmj sub-encoding to TS1/4 on input line 326.
Package textcomp Info: Local configuration file used on input line 328.

(/local/opt/texlive/texmf-local/tex/latex/local/textcomp/textcomp.cfg
File: textcomp.cfg 2010/05/14 v1.1 UiO adaption (textcomp font info)
Package textcomp Info: Setting antt sub-encoding to TS1/2 on input line 5.
Package textcomp Info: Setting anttc sub-encoding to TS1/2 on input line 6.
Package textcomp Info: Setting anttl sub-encoding to TS1/2 on input line 7.
Package textcomp Info: Setting anttlc sub-encoding to TS1/2 on input line 8.
Package textcomp Info: Setting ftsj sub-encoding to TS1/2 on input line 10.
Package textcomp Info: Setting ftsx sub-encoding to TS1/2 on input line 11.
Package textcomp Info: Changing hlh sub-encoding to TS1/5 on input line 13.
Package textcomp Info: Changing hls sub-encoding to TS1/5 on input line 14.
Package textcomp Info: Changing hlst sub-encoding to TS1/5 on input line 15.
Package textcomp Info: Setting ier sub-encoding to TS1/2 on input line 17.
Package textcomp Info: Setting ikb sub-encoding to TS1/2 on input line 18.
Package textcomp Info: Setting iof sub-encoding to TS1/2 on input line 19.
Package textcomp Info: Setting iofs sub-encoding to TS1/2 on input line 20.
Package textcomp Info: Setting iwona sub-encoding to TS1/2 on input line 22.
Package textcomp Info: Setting iwonac sub-encoding to TS1/2 on input line 23.
Package textcomp Info: Setting iwonal sub-encoding to TS1/2 on input line 24.
Package textcomp Info: Setting iwonalc sub-encoding to TS1/2 on input line 25.
Package textcomp Info: Setting jgi sub-encoding to TS1/2 on input line 27.
Package textcomp Info: Setting jvn sub-encoding to TS1/2 on input line 28.
Package textcomp Info: Setting ma1 sub-encoding to TS1/2 on input line 30.
Package textcomp Info: Setting mdsw sub-encoding to TS1/4 on input line 31.
Package textcomp Info: Setting mgtf sub-encoding to TS1/4 on input line 32.
Package textcomp Info: Setting mjo sub-encoding to TS1/4 on input line 33.
Package textcomp Info: Setting mp2w sub-encoding to TS1/4 on input line 34.
Package textcomp Info: Setting mtl sub-encoding to TS1/4 on input line 35.
Package textcomp Info: Setting paa sub-encoding to TS1/4 on input line 37.
Package textcomp Info: Setting pab sub-encoding to TS1/4 on input line 38.
Package textcomp Info: Setting pac sub-encoding to TS1/4 on input line 39.
Package textcomp Info: Setting padx sub-encoding to TS1/0 on input line 40.
Package textcomp Info: Setting pam sub-encoding to TS1/4 on input line 41.
Package textcomp Info: Setting pat sub-encoding to TS1/4 on input line 42.
Package textcomp Info: Setting pb0 sub-encoding to TS1/4 on input line 44.
Package textcomp Info: Setting pba sub-encoding to TS1/4 on input line 45.
Package textcomp Info: Setting pbb sub-encoding to TS1/4 on input line 46.
Package textcomp Info: Setting pbd sub-encoding to TS1/4 on input line 47.
Package textcomp Info: Setting pbg sub-encoding to TS1/4 on input line 48.
Package textcomp Info: Setting pbh sub-encoding to TS1/4 on input line 49.
Package textcomp Info: Setting pbi sub-encoding to TS1/4 on input line 50.
Package textcomp Info: Setting pc1 sub-encoding to TS1/4 on input line 52.
Package textcomp Info: Setting pc2 sub-encoding to TS1/4 on input line 53.
Package textcomp Info: Setting pca sub-encoding to TS1/4 on input line 54.
Package textcomp Info: Setting pct sub-encoding to TS1/4 on input line 55.
Package textcomp Info: Setting pcu sub-encoding to TS1/4 on input line 56.
Package textcomp Info: Setting pcy sub-encoding to TS1/4 on input line 57.
Package textcomp Info: Setting pcz sub-encoding to TS1/4 on input line 58.
Package textcomp Info: Setting pdc sub-encoding to TS1/4 on input line 60.
Package textcomp Info: Setting pei sub-encoding to TS1/4 on input line 62.
Package textcomp Info: Setting pfa sub-encoding to TS1/4 on input line 64.
Package textcomp Info: Setting pfn sub-encoding to TS1/4 on input line 65.
Package textcomp Info: Setting pfo sub-encoding to TS1/4 on input line 66.
Package textcomp Info: Setting pfq sub-encoding to TS1/4 on input line 67.
Package textcomp Info: Setting pfsw sub-encoding to TS1/4 on input line 68.
Package textcomp Info: Setting pftf sub-encoding to TS1/4 on input line 69.
Package textcomp Info: Setting pfu sub-encoding to TS1/4 on input line 70.
Package textcomp Info: Setting pg2 sub-encoding to TS1/4 on input line 72.
Package textcomp Info: Setting pgl sub-encoding to TS1/4 on input line 73.
Package textcomp Info: Setting pgm sub-encoding to TS1/4 on input line 74.
Package textcomp Info: Setting pgs sub-encoding to TS1/4 on input line 75.
Package textcomp Info: Setting pgv sub-encoding to TS1/4 on input line 76.
Package textcomp Info: Setting phbw sub-encoding to TS1/4 on input line 78.
Package textcomp Info: Setting pid sub-encoding to TS1/4 on input line 80.
Package textcomp Info: Setting piw sub-encoding to TS1/4 on input line 81.
Package textcomp Info: Setting pku sub-encoding to TS1/4 on input line 83.
Package textcomp Info: Setting pkr sub-encoding to TS1/4 on input line 84.
Package textcomp Info: Setting plb sub-encoding to TS1/4 on input line 86.
Package textcomp Info: Setting plg sub-encoding to TS1/2 on input line 87.
Package textcomp Info: Setting plnf sub-encoding to TS1/4 on input line 88.
Package textcomp Info: Setting plnw sub-encoding to TS1/4 on input line 89.
Package textcomp Info: Setting plo sub-encoding to TS1/4 on input line 90.
Package textcomp Info: Setting plw sub-encoding to TS1/4 on input line 91.
Package textcomp Info: Setting pm0 sub-encoding to TS1/4 on input line 93.
Package textcomp Info: Setting pmh sub-encoding to TS1/4 on input line 94.
Package textcomp Info: Setting pmq sub-encoding to TS1/4 on input line 95.
Package textcomp Info: Setting pmr sub-encoding to TS1/4 on input line 96.
Package textcomp Info: Setting pnb sub-encoding to TS1/4 on input line 98.
Package textcomp Info: Setting png sub-encoding to TS1/4 on input line 99.
Package textcomp Info: Setting pnuw sub-encoding to TS1/4 on input line 100.
Package textcomp Info: Setting poc sub-encoding to TS1/2 on input line 102.
Package textcomp Info: Setting pop sub-encoding to TS1/4 on input line 103.
Package textcomp Info: Setting por sub-encoding to TS1/2 on input line 104.
Package textcomp Info: Setting pp0 sub-encoding to TS1/4 on input line 106.
Package textcomp Info: Setting ppa sub-encoding to TS1/4 on input line 107.
Package textcomp Info: Setting ppe sub-encoding to TS1/2 on input line 108.
Package textcomp Info: Setting ppo sub-encoding to TS1/4 on input line 109.
Package textcomp Info: Setting pps sub-encoding to TS1/4 on input line 110.
Package textcomp Info: Setting ppt sub-encoding to TS1/4 on input line 111.
Package textcomp Info: Setting pq0 sub-encoding to TS1/4 on input line 113.
Package textcomp Info: Setting pqsw sub-encoding to TS1/4 on input line 114.
Package textcomp Info: Setting pr0 sub-encoding to TS1/4 on input line 116.
Package textcomp Info: Setting pr2 sub-encoding to TS1/4 on input line 117.
Package textcomp Info: Setting pr3 sub-encoding to TS1/4 on input line 118.
Package textcomp Info: Setting prq sub-encoding to TS1/4 on input line 119.
Package textcomp Info: Setting prv sub-encoding to TS1/4 on input line 120.
Package textcomp Info: Setting psc sub-encoding to TS1/4 on input line 122.
Package textcomp Info: Setting psl sub-encoding to TS1/4 on input line 123.
Package textcomp Info: Setting psv sub-encoding to TS1/4 on input line 124.
Package textcomp Info: Setting psz sub-encoding to TS1/4 on input line 125.
Package textcomp Info: Setting pti sub-encoding to TS1/4 on input line 127.
Package textcomp Info: Setting ptk sub-encoding to TS1/4 on input line 128.
Package textcomp Info: Setting ptx sub-encoding to TS1/4 on input line 129.
Package textcomp Info: Setting puh sub-encoding to TS1/4 on input line 131.
Package textcomp Info: Setting puw sub-encoding to TS1/4 on input line 132.
Package textcomp Info: Setting puy sub-encoding to TS1/4 on input line 133.
Package textcomp Info: Setting pvj sub-encoding to TS1/4 on input line 135.
Package textcomp Info: Setting pvr sub-encoding to TS1/4 on input line 136.
Package textcomp Info: Setting pww sub-encoding to TS1/4 on input line 138.
))
(/local/opt/texlive/2007/texmf-dist/tex/latex/ntgclass/artikel1.cls
Document Class: artikel1 2004/06/07 v2.1a NTG LaTeX document class
(/local/opt/texlive/2007/texmf-dist/tex/latex/ntgclass/ntg10.clo
File: ntg10.clo 2004/06/07 v2.1a NTG LaTeX file (size option)
)
\unitindent=\dimen105
\othermargin=\dimen106
\c@part=\count81
\c@section=\count82
\c@subsection=\count83
\c@subsubsection=\count84
\c@paragraph=\count85
\c@subparagraph=\count86
\c@figure=\count87
\c@table=\count88
\abovecaptionskip=\skip50
\belowcaptionskip=\skip51
LaTeX Info: Redefining \em on input line 756.
\bibindent=\dimen107
))
(/local/opt/texlive/2007/texmf-dist/tex/latex/base/inputenc.sty
Package: inputenc 2006/05/05 v1.1b Input encoding file
\inpenc@prehook=\toks15
\inpenc@posthook=\toks16

(/local/opt/texlive/2007/texmf-dist/tex/latex/base/utf8.def
File: utf8.def 2006/03/30 v1.1i UTF-8 support for inputenc
Now handling font encoding OML ...
... no UTF-8 mapping file for font encoding OML
Now handling font encoding T1 ...
... processing UTF-8 mapping file for font encodingT1

(/local/opt/texlive/2007/texmf-dist/tex/latex/base/t1enc.dfu
File: t1enc.dfu 2006/03/30 v1.1i UTF-8 support for inputenc
   defining Unicode char U+00A1 (decimal 161)
   defining Unicode char U+00A3 (decimal 163)
   defining Unicode char U+00AB (decimal 171)
   defining Unicode char U+00BB (decimal 187)
   defining Unicode char U+00BF (decimal 191)
   defining Unicode char U+00C0 (decimal 192)
   defining Unicode char U+00C1 (decimal 193)
   defining Unicode char U+00C2 (decimal 194)
   defining Unicode char U+00C3 (decimal 195)
   defining Unicode char U+00C4 (decimal 196)
   defining Unicode char U+00C5 (decimal 197)
   defining Unicode char U+00C6 (decimal 198)
   defining Unicode char U+00C7 (decimal 199)
   defining Unicode char U+00C8 (decimal 200)
   defining Unicode char U+00C9 (decimal 201)
   defining Unicode char U+00CA (decimal 202)
   defining Unicode char U+00CB (decimal 203)
   defining Unicode char U+00CC (decimal 204)
   defining Unicode char U+00CD (decimal 205)
   defining Unicode char U+00CE (decimal 206)
   defining Unicode char U+00CF (decimal 207)
   defining Unicode char U+00D0 (decimal 208)
   defining Unicode char U+00D1 (decimal 209)
   defining Unicode char U+00D2 (decimal 210)
   defining Unicode char U+00D3 (decimal 211)
   defining Unicode char U+00D4 (decimal 212)
   defining Unicode char U+00D5 (decimal 213)
   defining Unicode char U+00D6 (decimal 214)
   defining Unicode char U+00D8 (decimal 216)
   defining Unicode char U+00D9 (decimal 217)
   defining Unicode char U+00DA (decimal 218)
   defining Unicode char U+00DB (decimal 219)
   defining Unicode char U+00DC (decimal 220)
   defining Unicode char U+00DD (decimal 221)
   defining Unicode char U+00DE (decimal 222)
   defining Unicode char U+00DF (decimal 223)
   defining Unicode char U+00E0 (decimal 224)
   defining Unicode char U+00E1 (decimal 225)
   defining Unicode char U+00E2 (decimal 226)
   defining Unicode char U+00E3 (decimal 227)
   defining Unicode char U+00E4 (decimal 228)
   defining Unicode char U+00E5 (decimal 229)
   defining Unicode char U+00E6 (decimal 230)
   defining Unicode char U+00E7 (decimal 231)
   defining Unicode char U+00E8 (decimal 232)
   defining Unicode char U+00E9 (decimal 233)
   defining Unicode char U+00EA (decimal 234)
   defining Unicode char U+00EB (decimal 235)
   defining Unicode char U+00EC (decimal 236)
   defining Unicode char U+00ED (decimal 237)
   defining Unicode char U+00EE (decimal 238)
   defining Unicode char U+00EF (decimal 239)
   defining Unicode char U+00F0 (decimal 240)
   defining Unicode char U+00F1 (decimal 241)
   defining Unicode char U+00F2 (decimal 242)
   defining Unicode char U+00F3 (decimal 243)
   defining Unicode char U+00F4 (decimal 244)
   defining Unicode char U+00F5 (decimal 245)
   defining Unicode char U+00F6 (decimal 246)
   defining Unicode char U+00F8 (decimal 248)
   defining Unicode char U+00F9 (decimal 249)
   defining Unicode char U+00FA (decimal 250)
   defining Unicode char U+00FB (decimal 251)
   defining Unicode char U+00FC (decimal 252)
   defining Unicode char U+00FD (decimal 253)
   defining Unicode char U+00FE (decimal 254)
   defining Unicode char U+00FF (decimal 255)
   defining Unicode char U+0102 (decimal 258)
   defining Unicode char U+0103 (decimal 259)
   defining Unicode char U+0104 (decimal 260)
   defining Unicode char U+0105 (decimal 261)
   defining Unicode char U+0106 (decimal 262)
   defining Unicode char U+0107 (decimal 263)
   defining Unicode char U+010C (decimal 268)
   defining Unicode char U+010D (decimal 269)
   defining Unicode char U+010E (decimal 270)
   defining Unicode char U+010F (decimal 271)
   defining Unicode char U+0110 (decimal 272)
   defining Unicode char U+0111 (decimal 273)
   defining Unicode char U+0118 (decimal 280)
   defining Unicode char U+0119 (decimal 281)
   defining Unicode char U+011A (decimal 282)
   defining Unicode char U+011B (decimal 283)
   defining Unicode char U+011E (decimal 286)
   defining Unicode char U+011F (decimal 287)
   defining Unicode char U+0130 (decimal 304)
   defining Unicode char U+0131 (decimal 305)
   defining Unicode char U+0132 (decimal 306)
   defining Unicode char U+0133 (decimal 307)
   defining Unicode char U+0139 (decimal 313)
   defining Unicode char U+013A (decimal 314)
   defining Unicode char U+013D (decimal 317)
   defining Unicode char U+013E (decimal 318)
   defining Unicode char U+0141 (decimal 321)
   defining Unicode char U+0142 (decimal 322)
   defining Unicode char U+0143 (decimal 323)
   defining Unicode char U+0144 (decimal 324)
   defining Unicode char U+0147 (decimal 327)
   defining Unicode char U+0148 (decimal 328)
   defining Unicode char U+014A (decimal 330)
   defining Unicode char U+014B (decimal 331)
   defining Unicode char U+0150 (decimal 336)
   defining Unicode char U+0151 (decimal 337)
   defining Unicode char U+0152 (decimal 338)
   defining Unicode char U+0153 (decimal 339)
   defining Unicode char U+0154 (decimal 340)
   defining Unicode char U+0155 (decimal 341)
   defining Unicode char U+0158 (decimal 344)
   defining Unicode char U+0159 (decimal 345)
   defining Unicode char U+015A (decimal 346)
   defining Unicode char U+015B (decimal 347)
   defining Unicode char U+015E (decimal 350)
   defining Unicode char U+015F (decimal 351)
   defining Unicode char U+0160 (decimal 352)
   defining Unicode char U+0161 (decimal 353)
   defining Unicode char U+0162 (decimal 354)
   defining Unicode char U+0163 (decimal 355)
   defining Unicode char U+0164 (decimal 356)
   defining Unicode char U+0165 (decimal 357)
   defining Unicode char U+016E (decimal 366)
   defining Unicode char U+016F (decimal 367)
   defining Unicode char U+0170 (decimal 368)
   defining Unicode char U+0171 (decimal 369)
   defining Unicode char U+0178 (decimal 376)
   defining Unicode char U+0179 (decimal 377)
   defining Unicode char U+017A (decimal 378)
   defining Unicode char U+017B (decimal 379)
   defining Unicode char U+017C (decimal 380)
   defining Unicode char U+017D (decimal 381)
   defining Unicode char U+017E (decimal 382)
   defining Unicode char U+200C (decimal 8204)
   defining Unicode char U+2013 (decimal 8211)
   defining Unicode char U+2014 (decimal 8212)
   defining Unicode char U+2018 (decimal 8216)
   defining Unicode char U+2019 (decimal 8217)
   defining Unicode char U+201A (decimal 8218)
   defining Unicode char U+201C (decimal 8220)
   defining Unicode char U+201D (decimal 8221)
   defining Unicode char U+201E (decimal 8222)
   defining Unicode char U+2030 (decimal 8240)
   defining Unicode char U+2031 (decimal 8241)
   defining Unicode char U+2039 (decimal 8249)
   defining Unicode char U+203A (decimal 8250)
   defining Unicode char U+2423 (decimal 9251)
)
Now handling font encoding OT1 ...
... processing UTF-8 mapping file for font encodingOT1

(/local/opt/texlive/2007/texmf-dist/tex/latex/base/ot1enc.dfu
File: ot1enc.dfu 2006/03/30 v1.1i UTF-8 support for inputenc
   defining Unicode char U+00A1 (decimal 161)
   defining Unicode char U+00A3 (decimal 163)
   defining Unicode char U+00B8 (decimal 184)
   defining Unicode char U+00BF (decimal 191)
   defining Unicode char U+00C5 (decimal 197)
   defining Unicode char U+00C6 (decimal 198)
   defining Unicode char U+00D8 (decimal 216)
   defining Unicode char U+00DF (decimal 223)
   defining Unicode char U+00E6 (decimal 230)
   defining Unicode char U+00EC (decimal 236)
   defining Unicode char U+00ED (decimal 237)
   defining Unicode char U+00EE (decimal 238)
   defining Unicode char U+00EF (decimal 239)
   defining Unicode char U+00F8 (decimal 248)
   defining Unicode char U+0131 (decimal 305)
   defining Unicode char U+0141 (decimal 321)
   defining Unicode char U+0142 (decimal 322)
   defining Unicode char U+0152 (decimal 338)
   defining Unicode char U+0153 (decimal 339)
   defining Unicode char U+2013 (decimal 8211)
   defining Unicode char U+2014 (decimal 8212)
   defining Unicode char U+2018 (decimal 8216)
   defining Unicode char U+2019 (decimal 8217)
   defining Unicode char U+201C (decimal 8220)
   defining Unicode char U+201D (decimal 8221)
)
Now handling font encoding OMS ...
... processing UTF-8 mapping file for font encodingOMS

(/local/opt/texlive/2007/texmf-dist/tex/latex/base/omsenc.dfu
File: omsenc.dfu 2006/03/30 v1.1i UTF-8 support for inputenc
   defining Unicode char U+00A7 (decimal 167)
   defining Unicode char U+00B6 (decimal 182)
   defining Unicode char U+00B7 (decimal 183)
   defining Unicode char U+2020 (decimal 8224)
   defining Unicode char U+2021 (decimal 8225)
   defining Unicode char U+2022 (decimal 8226)
)
Now handling font encoding OMX ...
... no UTF-8 mapping file for font encoding OMX
Now handling font encoding U ...
... no UTF-8 mapping file for font encoding U
Now handling font encoding TS1 ...
... processing UTF-8 mapping file for font encodingTS1

(/local/opt/texlive/2007/texmf-dist/tex/latex/base/ts1enc.dfu
File: ts1enc.dfu 2006/03/30 v1.1i UTF-8 support for inputenc
   defining Unicode char U+00A2 (decimal 162)
   defining Unicode char U+00A3 (decimal 163)
   defining Unicode char U+00A4 (decimal 164)
   defining Unicode char U+00A5 (decimal 165)
   defining Unicode char U+00A6 (decimal 166)
   defining Unicode char U+00A7 (decimal 167)
   defining Unicode char U+00A8 (decimal 168)
   defining Unicode char U+00A9 (decimal 169)
   defining Unicode char U+00AA (decimal 170)
   defining Unicode char U+00AC (decimal 172)
   defining Unicode char U+00AE (decimal 174)
   defining Unicode char U+00AF (decimal 175)
   defining Unicode char U+00B0 (decimal 176)
   defining Unicode char U+00B1 (decimal 177)
   defining Unicode char U+00B2 (decimal 178)
   defining Unicode char U+00B3 (decimal 179)
   defining Unicode char U+00B4 (decimal 180)
   defining Unicode char U+00B5 (decimal 181)
   defining Unicode char U+00B6 (decimal 182)
   defining Unicode char U+00B7 (decimal 183)
   defining Unicode char U+00B9 (decimal 185)
   defining Unicode char U+00BA (decimal 186)
   defining Unicode char U+00BC (decimal 188)
   defining Unicode char U+00BD (decimal 189)
   defining Unicode char U+00BE (decimal 190)
   defining Unicode char U+00D7 (decimal 215)
   defining Unicode char U+00F7 (decimal 247)
   defining Unicode char U+0192 (decimal 402)
   defining Unicode char U+02C7 (decimal 711)
   defining Unicode char U+02D8 (decimal 728)
   defining Unicode char U+02DD (decimal 733)
   defining Unicode char U+0E3F (decimal 3647)
   defining Unicode char U+2016 (decimal 8214)
   defining Unicode char U+2020 (decimal 8224)
   defining Unicode char U+2021 (decimal 8225)
   defining Unicode char U+2022 (decimal 8226)
   defining Unicode char U+2030 (decimal 8240)
   defining Unicode char U+2031 (decimal 8241)
   defining Unicode char U+203B (decimal 8251)
   defining Unicode char U+203D (decimal 8253)
   defining Unicode char U+2044 (decimal 8260)
   defining Unicode char U+204E (decimal 8270)
   defining Unicode char U+2052 (decimal 8274)
   defining Unicode char U+20A1 (decimal 8353)
   defining Unicode char U+20A4 (decimal 8356)
   defining Unicode char U+20A6 (decimal 8358)
   defining Unicode char U+20A9 (decimal 8361)
   defining Unicode char U+20AB (decimal 8363)
   defining Unicode char U+20AC (decimal 8364)
   defining Unicode char U+20B1 (decimal 8369)
   defining Unicode char U+2103 (decimal 8451)
   defining Unicode char U+2116 (decimal 8470)
   defining Unicode char U+2117 (decimal 8471)
   defining Unicode char U+211E (decimal 8478)
   defining Unicode char U+2120 (decimal 8480)
   defining Unicode char U+2122 (decimal 8482)
   defining Unicode char U+2126 (decimal 8486)
   defining Unicode char U+2127 (decimal 8487)
   defining Unicode char U+212E (decimal 8494)
   defining Unicode char U+2190 (decimal 8592)
   defining Unicode char U+2191 (decimal 8593)
   defining Unicode char U+2192 (decimal 8594)
   defining Unicode char U+2193 (decimal 8595)
   defining Unicode char U+2329 (decimal 9001)
   defining Unicode char U+232A (decimal 9002)
   defining Unicode char U+2422 (decimal 9250)
   defining Unicode char U+25E6 (decimal 9702)
   defining Unicode char U+25EF (decimal 9711)
   defining Unicode char U+266A (decimal 9834)
)
   defining Unicode char U+00A9 (decimal 169)
   defining Unicode char U+00AA (decimal 170)
   defining Unicode char U+00AE (decimal 174)
   defining Unicode char U+00BA (decimal 186)
   defining Unicode char U+02C6 (decimal 710)
   defining Unicode char U+02DC (decimal 732)
   defining Unicode char U+200C (decimal 8204)
   defining Unicode char U+2026 (decimal 8230)
   defining Unicode char U+2122 (decimal 8482)
   defining Unicode char U+2423 (decimal 9251)
)) (./kronikk.aux)
\openout1 = `kronikk.aux'.

LaTeX Font Info:    Checking defaults for OML/cmm/m/it on input line 9.
LaTeX Font Info:    ... okay on input line 9.
LaTeX Font Info:    Checking defaults for T1/cmr/m/n on input line 9.
LaTeX Font Info:    ... okay on input line 9.
LaTeX Font Info:    Checking defaults for OT1/cmr/m/n on input line 9.
LaTeX Font Info:    ... okay on input line 9.
LaTeX Font Info:    Checking defaults for OMS/cmsy/m/n on input line 9.
LaTeX Font Info:    ... okay on input line 9.
LaTeX Font Info:    Checking defaults for OMX/cmex/m/n on input line 9.
LaTeX Font Info:    ... okay on input line 9.
LaTeX Font Info:    Checking defaults for U/cmr/m/n on input line 9.
LaTeX Font Info:    ... okay on input line 9.
LaTeX Font Info:    Checking defaults for TS1/cmr/m/n on input line 9.
LaTeX Font Info:    Try loading font information for TS1+cmr on input line 9.
 (/local/opt/texlive/2007/texmf-dist/tex/latex/base/ts1cmr.fd
File: ts1cmr.fd 1999/05/25 v2.5h Standard LaTeX font definitions
)
LaTeX Font Info:    ... okay on input line 9.
LaTeX Font Info:    Try loading font information for T1+pnc on input line 9.

(/local/opt/texlive/2007/texmf-dist/tex/latex/psnfss/t1pnc.fd
File: t1pnc.fd 2001/06/04 font definitions for T1/pnc.
)
(/local/opt/texlive/2007/texmf-dist/tex/context/base/supp-pdf.tex
[Loading MPS to PDF converter (version 2006.09.02).]
\scratchcounter=\count89
\scratchdimen=\dimen108
\scratchbox=\box26
\nofMPsegments=\count90
\nofMParguments=\count91
\MPscratchCnt=\count92
\MPscratchDim=\dimen109
\MPnumerator=\count93
\everyMPtoPDFconversion=\toks17
)
LaTeX Font Info:    Font shape `T1/pnc/bx/n' in size <17.28> not available
(Font)              Font shape `T1/pnc/b/n' tried instead on input line 10.
LaTeX Font Info:    Font shape `T1/pnc/bx/n' in size <12> not available
(Font)              Font shape `T1/pnc/b/n' tried instead on input line 10.
LaTeX Font Info:    External font `cmex10' loaded for size
(Font)              <12> on input line 10.
LaTeX Font Info:    External font `cmex10' loaded for size
(Font)              <8> on input line 10.
LaTeX Font Info:    External font `cmex10' loaded for size
(Font)              <6> on input line 10.
 (./ingress.tex) (./fremtiden.tex) (./reservedeler.tex) (./individ.tex)
<ifi-logo-black.pdf, id=1, 116.435pt x 80.3pt>
File: ifi-logo-black.pdf Graphic file (type pdf)
 <use ifi-logo-black.pdf>
LaTeX Font Info:    Try loading font information for TS1+pnc on input line 22.

(/local/opt/texlive/2007/texmf-dist/tex/latex/psnfss/ts1pnc.fd
File: ts1pnc.fd 2001/06/04 font definitions for TS1/pnc.
) [1{/local/opt/texlive/2007/texmf-var/fonts/map/pdftex/updmap/pdftex.map}


 </local/opt/texlive/texmf-local/tex/generic/local/ifi/logo/ifi-logo-black.pdf>
] (./naturlig.tex)
(./rettigheter.tex) (./konklusjon.tex)
File: ifi-logo-black.pdf Graphic file (type pdf)
 <use ifi-logo-black.pdf> [2]
(./kronikk.aux) ) 
Here is how much of TeX's memory you used:
 2519 strings out of 94073
 30524 string characters out of 1163005
 76749 words of memory out of 1500000
 5763 multiletter control sequences out of 10000+50000
 18846 words of font info for 35 fonts, out of 1200000 for 2000
 645 hyphenation exceptions out of 8191
 32i,16n,47p,1157b,341s stack positions out of 5000i,500n,6000p,200000b,5000s
{/local/opt/texlive/2007/texmf-dist/fonts/enc/dvips/base/8r.en
c}</local/opt/texlive/2007/texmf-dist/fonts/type1/urw/ncntrsbk/uncb8a.pfb></loc
al/opt/texlive/2007/texmf-dist/fonts/type1/urw/ncntrsbk/uncr8a.pfb></local/opt/
texlive/2007/texmf-dist/fonts/type1/urw/ncntrsbk/uncri8a.pfb>
Output written on kronikk.pdf (2 pages, 58190 bytes).
PDF statistics:
 26 PDF objects out of 1000 (max. 8388607)
 0 named destinations out of 1000 (max. 131072)
 6 words of extra memory for PDF output out of 10000 (max. 10000000)

